'pattern' package not found; tag filters are not available for English
Main: UserSimilarities ...
DataReader: Connection created
DataReader: 18391 rows returned
DataReader: Connection closed
DataPreperation: userModeling=True, timeModeling=True, preProcessing=False, TagME=False
DataPreperation: 1000 sampled from the end of dataset (sorted by creationTime)
DataPreperation: Length of the dataset after applying groupby: 352 

UserSimilarity: Processed docs shape: (352,)
UserSimilarity: Topic modeling ...
TopicModeling: num_topics=75,  filterExtremes=True, library=gensim
adding document #0 to Dictionary(0 unique tokens: [])
built Dictionary(2233 unique tokens: ['Koyaanisqatsi', 'Short film', 'The power', 'kids on TV', 'young']...) from 352 documents (total 3579 corpus positions)
discarding 2163 tokens: [('Koyaanisqatsi', 1), ('Short film', 1), ('The power', 1), ('kids on TV', 1), ('young', 1), ('David Limbaugh', 1), ('Intellectual', 4), ('tcot', 4), ('Carjacked', 2), ('Chelsea Pensioners', 2)]...
keeping 70 tokens which were in no less than 5 and no more than 52 (=15.0%) documents
rebuilding dictionary, shrinking gaps
resulting dictionary: Dictionary(70 unique tokens: ['Palin', 'Diana', 'Guantanamo', 'Kate Middleton', 'Prince William']...)
using symmetric alpha at 0.013333333333333334
using symmetric eta at 0.013333333333333334
using serial LDA version on this node
running online (multi-pass) LDA training, 75 topics, 5 passes over the supplied corpus of 352 documents, updating model once every 352 documents, evaluating perplexity every 352 documents, iterating 50x with a convergence threshold of 0.001000
too few updates, training might not converge; consider increasing the number of passes or iterations to improve accuracy
bound: at document #0
-27.533 per-word bound, 194271023.1 perplexity estimate based on a held-out corpus of 352 documents with 687 words
PROGRESS: pass 0, at document #352/352
performing inference on a chunk of 352 documents
352/352 documents converged within 50 iterations
updating topics
topic #26 (0.013): 0.102*"Prince  William" + 0.102*"missing" + 0.102*"Mexico" + 0.102*"Princess  Diana" + 0.102*"Prince Charles" + 0.102*"engagement ring" + 0.102*"Kate  Middleton" + 0.102*"women" + 0.102*"murdered" + 0.001*"Ireland"
topic #61 (0.013): 0.247*"Diana" + 0.124*"Medal of Honor" + 0.124*"Salvatore Giunta" + 0.124*"Prince William" + 0.073*"China" + 0.073*"Haiti" + 0.070*"Internet" + 0.062*"Google" + 0.002*"out" + 0.002*"Kate  Middleton"
topic #22 (0.013): 0.144*"Staff Sergeant" + 0.144*"awards" + 0.144*"Medal of Honor" + 0.144*"Salvatore Giunta" + 0.144*"U.S. Army" + 0.144*"Obama" + 0.038*"England" + 0.036*"Ireland" + 0.001*"Kate  Middleton" + 0.001*"Prince Charles"
topic #39 (0.013): 0.014*"out" + 0.014*"awards" + 0.014*"Princess  Diana" + 0.014*"Prince Charles" + 0.014*"Prince  William" + 0.014*"Kate  Middleton" + 0.014*"future" + 0.014*"Day" + 0.014*"can" + 0.014*"Staff Sergeant"
topic #29 (0.013): 0.345*"Beatles" + 0.345*"iTunes" + 0.005*"out" + 0.005*"awards" + 0.005*"Prince Charles" + 0.005*"Prince  William" + 0.005*"Kate  Middleton" + 0.005*"future" + 0.005*"Ireland" + 0.005*"can"
topic diff=65.211205, rho=1.000000
bound: at document #0
-6.263 per-word bound, 76.8 perplexity estimate based on a held-out corpus of 352 documents with 687 words
PROGRESS: pass 1, at document #352/352
performing inference on a chunk of 352 documents
352/352 documents converged within 50 iterations
updating topics
topic #59 (0.013): 0.014*"out" + 0.014*"awards" + 0.014*"Princess  Diana" + 0.014*"Prince Charles" + 0.014*"Prince  William" + 0.014*"Kate  Middleton" + 0.014*"future" + 0.014*"Day" + 0.014*"can" + 0.014*"Staff Sergeant"
topic #62 (0.013): 0.241*"UK" + 0.241*"Afghanistan" + 0.104*"U.S" + 0.104*"food insecure" + 0.104*"million" + 0.003*"Prince  William" + 0.003*"Ireland" + 0.003*"Princess  Diana" + 0.003*"Prince Charles" + 0.003*"future"
topic #31 (0.013): 0.710*"future" + 0.072*"Salvatore Giunta" + 0.072*"Britain" + 0.002*"can" + 0.002*"Princess  Diana" + 0.002*"Prince Charles" + 0.002*"Prince  William" + 0.002*"Kate  Middleton" + 0.002*"Day" + 0.002*"out"
topic #55 (0.013): 0.157*"Britain" + 0.157*"Guantanamo" + 0.157*"will" + 0.157*"government" + 0.032*"food insecure" + 0.032*"U.S" + 0.032*"Medal of Honor" + 0.032*"Afghanistan war" + 0.032*"first" + 0.032*"million"
topic #47 (0.013): 0.246*"Airbus" + 0.246*"Boeing" + 0.246*"Planes" + 0.197*"Myanmar" + 0.001*"Prince Charles" + 0.001*"Prince  William" + 0.001*"Kate  Middleton" + 0.001*"future" + 0.001*"out" + 0.001*"Ireland"
topic diff=0.429394, rho=0.577350
bound: at document #0
-5.762 per-word bound, 54.3 perplexity estimate based on a held-out corpus of 352 documents with 687 words
PROGRESS: pass 2, at document #352/352
performing inference on a chunk of 352 documents
352/352 documents converged within 50 iterations
updating topics
topic #59 (0.013): 0.014*"out" + 0.014*"awards" + 0.014*"Princess  Diana" + 0.014*"Prince Charles" + 0.014*"Prince  William" + 0.014*"Kate  Middleton" + 0.014*"future" + 0.014*"Day" + 0.014*"can" + 0.014*"Staff Sergeant"
topic #53 (0.013): 0.262*"Google Voice" + 0.260*"iPhone" + 0.210*"App Store" + 0.210*"Apple App Store" + 0.001*"Prince  William" + 0.001*"Kate  Middleton" + 0.001*"future" + 0.001*"out" + 0.001*"can" + 0.001*"Princess  Diana"
topic #43 (0.013): 0.163*"Kate  Middleton" + 0.163*"engagement ring" + 0.163*"Princess  Diana" + 0.163*"Prince Charles" + 0.163*"Prince  William" + 0.035*"Obama" + 0.018*"awards" + 0.017*"Staff Sergeant" + 0.017*"Medal of Honor" + 0.017*"U.S. Army"
topic #50 (0.013): 0.096*"murdered" + 0.096*"women" + 0.096*"Mexico" + 0.096*"missing" + 0.050*"Jay-Z" + 0.050*"Afghanistan" + 0.050*"living" + 0.050*"President Obama" + 0.050*"Medal of Honor" + 0.050*"first"
topic #20 (0.013): 0.553*"who" + 0.297*"UK" + 0.002*"can" + 0.002*"William and Kate" + 0.002*"Prince Charles" + 0.002*"Prince  William" + 0.002*"Kate  Middleton" + 0.002*"future" + 0.002*"out" + 0.002*"Ireland"
topic diff=0.359102, rho=0.500000
bound: at document #0
-5.426 per-word bound, 43.0 perplexity estimate based on a held-out corpus of 352 documents with 687 words
PROGRESS: pass 3, at document #352/352
performing inference on a chunk of 352 documents
352/352 documents converged within 50 iterations
updating topics
topic #57 (0.013): 0.190*"Internet" + 0.122*"Prince William" + 0.096*"UK" + 0.053*"talk" + 0.049*"Medal of Honor" + 0.049*"Obama" + 0.049*"Staff Sergeant" + 0.049*"awards" + 0.049*"Salvatore Giunta" + 0.049*"U.S. Army"
topic #55 (0.013): 0.252*"government" + 0.200*"Britain" + 0.200*"Guantanamo" + 0.200*"will" + 0.009*"food insecure" + 0.009*"Medal of Honor" + 0.009*"first" + 0.009*"Afghanistan" + 0.009*"million" + 0.009*"Prince William"
topic #45 (0.013): 0.333*"million" + 0.333*"U.S" + 0.295*"food insecure" + 0.001*"future" + 0.001*"Princess  Diana" + 0.001*"Prince Charles" + 0.001*"Prince  William" + 0.001*"Kate  Middleton" + 0.001*"out" + 0.001*"William and Kate"
topic #26 (0.013): 0.066*"Prince  William" + 0.066*"missing" + 0.066*"Mexico" + 0.066*"Princess  Diana" + 0.066*"engagement ring" + 0.066*"women" + 0.066*"murdered" + 0.066*"Prince Charles" + 0.066*"Kate  Middleton" + 0.007*"Ireland"
topic #21 (0.013): 0.174*"first" + 0.174*"Medal of Honor" + 0.155*"Afghanistan war" + 0.155*"go" + 0.155*"living" + 0.155*"Afghanistan" + 0.004*"Prince Harry" + 0.004*"Kate Middleton" + 0.004*"Prince William" + 0.000*"Ireland"
topic diff=0.338841, rho=0.447214
bound: at document #0
-5.184 per-word bound, 36.3 perplexity estimate based on a held-out corpus of 352 documents with 687 words
PROGRESS: pass 4, at document #352/352
performing inference on a chunk of 352 documents
352/352 documents converged within 50 iterations
updating topics
topic #26 (0.013): 0.053*"Prince  William" + 0.053*"missing" + 0.053*"Mexico" + 0.053*"Princess  Diana" + 0.053*"Prince Charles" + 0.053*"engagement ring" + 0.053*"Kate  Middleton" + 0.053*"women" + 0.053*"murdered" + 0.009*"Ireland"
topic #56 (0.013): 0.061*"awards" + 0.061*"U.S. Army" + 0.061*"Obama" + 0.061*"Salvatore Giunta" + 0.061*"Staff Sergeant" + 0.061*"Medal of Honor" + 0.010*"Princess  Diana" + 0.010*"Prince  William" + 0.010*"can" + 0.010*"Ireland"
topic #19 (0.013): 0.352*"Salvatore Giunta" + 0.259*"Medal of Honor" + 0.164*"Staff Sergeant" + 0.057*"today" + 0.057*"U.S. Army" + 0.057*"first" + 0.005*"awards" + 0.005*"Obama" + 0.001*"future" + 0.001*"Prince  William"
topic #50 (0.013): 0.072*"murdered" + 0.072*"women" + 0.072*"Mexico" + 0.072*"missing" + 0.039*"Afghanistan" + 0.039*"Jay-Z" + 0.039*"Afghanistan war" + 0.039*"living" + 0.039*"President Obama" + 0.039*"go"
topic #31 (0.013): 0.859*"future" + 0.011*"Salvatore Giunta" + 0.011*"Britain" + 0.002*"can" + 0.002*"Princess  Diana" + 0.002*"Prince Charles" + 0.002*"Prince  William" + 0.002*"Kate  Middleton" + 0.002*"Day" + 0.002*"out"
topic diff=0.362888, rho=0.408248
saving LdaState object under ../output/1/tml/gensim_75topics.model.state, separately None
{'transport_params': None, 'ignore_ext': False, 'opener': None, 'closefd': True, 'newline': None, 'errors': None, 'encoding': None, 'buffering': -1, 'mode': 'wb', 'uri': '../output/1/tml/gensim_75topics.model.state'}
saved ../output/1/tml/gensim_75topics.model.state
{'transport_params': None, 'ignore_ext': False, 'opener': None, 'closefd': True, 'newline': None, 'errors': None, 'encoding': None, 'buffering': -1, 'mode': 'wb', 'uri': '../output/1/tml/gensim_75topics.model.id2word'}
saving LdaModel object under ../output/1/tml/gensim_75topics.model, separately ['expElogbeta', 'sstats']
storing np array 'expElogbeta' to ../output/1/tml/gensim_75topics.model.expElogbeta.npy
not storing attribute id2word
not storing attribute state
not storing attribute dispatcher
{'transport_params': None, 'ignore_ext': False, 'opener': None, 'closefd': True, 'newline': None, 'errors': None, 'encoding': None, 'buffering': -1, 'mode': 'wb', 'uri': '../output/1/tml/gensim_75topics.model'}
saved ../output/1/tml/gensim_75topics.model
topic #0 (0.013): 0.014*"out" + 0.014*"awards" + 0.014*"Princess  Diana" + 0.014*"Prince Charles" + 0.014*"Prince  William" + 0.014*"Kate  Middleton" + 0.014*"future" + 0.014*"Day" + 0.014*"can" + 0.014*"Staff Sergeant"
topic #1 (0.013): 0.058*"U.S. Army" + 0.058*"Beatles" + 0.058*"Medal of Honor" + 0.058*"Salvatore Giunta" + 0.058*"Staff Sergeant" + 0.058*"Diana" + 0.058*"iTunes" + 0.009*"out" + 0.009*"can" + 0.009*"future"
topic #2 (0.013): 0.218*"Prince William" + 0.201*"Kate Middleton" + 0.201*"William's" + 0.112*"Diana" + 0.105*"mother" + 0.018*"Medal of Honor" + 0.018*"Salvatore Giunta" + 0.018*"engagement ring" + 0.009*"million" + 0.009*"food insecure"
topic #3 (0.013): 0.811*"lol" + 0.027*"today" + 0.027*"iPhone" + 0.027*"first" + 0.027*"go" + 0.027*"future" + 0.027*"out" + 0.004*"people" + 0.002*"Global" + 0.002*"Haiti"
topic #4 (0.013): 0.524*"first" + 0.007*"out" + 0.007*"can" + 0.007*"Princess  Diana" + 0.007*"Prince Charles" + 0.007*"Prince  William" + 0.007*"Kate  Middleton" + 0.007*"future" + 0.007*"Day" + 0.007*"U.S. Army"
topic #5 (0.013): 0.278*"Global" + 0.205*"New York" + 0.205*"Cy Young" + 0.060*"Day" + 0.050*"Kate Middleton" + 0.050*"Prince William" + 0.048*"Prince Harry" + 0.009*"iPhone" + 0.009*"Google" + 0.001*"Prince Charles"
topic #6 (0.013): 0.759*"out" + 0.033*"lol" + 0.012*"Princess  Diana" + 0.012*"Prince Charles" + 0.012*"Prince  William" + 0.012*"engagement ring" + 0.012*"Kate  Middleton" + 0.012*"you" + 0.012*"can" + 0.002*"Ireland"
topic #7 (0.013): 0.410*"UK" + 0.101*"iTunes" + 0.099*"Beatles" + 0.033*"New York" + 0.005*"can" + 0.005*"U.S. Army" + 0.005*"Prince  William" + 0.005*"Kate  Middleton" + 0.005*"future" + 0.005*"out"
topic #8 (0.013): 0.111*"U.S" + 0.111*"food insecure" + 0.111*"children" + 0.111*"million" + 0.008*"future" + 0.008*"Princess  Diana" + 0.008*"Prince Charles" + 0.008*"Prince  William" + 0.008*"Kate  Middleton" + 0.008*"can"
topic #9 (0.013): 0.499*"Beatles" + 0.466*"iTunes" + 0.003*"million" + 0.000*"out" + 0.000*"awards" + 0.000*"Prince Charles" + 0.000*"Prince  William" + 0.000*"Kate  Middleton" + 0.000*"future" + 0.000*"Ireland"
topic #10 (0.013): 0.014*"out" + 0.014*"awards" + 0.014*"Princess  Diana" + 0.014*"Prince Charles" + 0.014*"Prince  William" + 0.014*"Kate  Middleton" + 0.014*"future" + 0.014*"Day" + 0.014*"can" + 0.014*"Staff Sergeant"
topic #11 (0.013): 0.508*"New York" + 0.335*"Day" + 0.002*"out" + 0.002*"Princess  Diana" + 0.002*"Prince Charles" + 0.002*"Prince  William" + 0.002*"Kate  Middleton" + 0.002*"future" + 0.002*"awards" + 0.002*"can"
topic #12 (0.013): 0.110*"lol" + 0.075*"money" + 0.054*"government" + 0.054*"women" + 0.046*"Medal of Honor" + 0.046*"today" + 0.025*"go" + 0.025*"people" + 0.025*"Obama" + 0.025*"first"
topic #13 (0.013): 0.177*"Salvatore Giunta" + 0.169*"Medal of Honor" + 0.168*"U.S. Army" + 0.168*"Staff Sergeant" + 0.159*"Obama" + 0.153*"awards" + 0.000*"Princess  Diana" + 0.000*"Prince  William" + 0.000*"can" + 0.000*"Ireland"
topic #14 (0.013): 0.539*"money" + 0.217*"people" + 0.118*"Internet" + 0.010*"Palin" + 0.007*"U.S" + 0.006*"million" + 0.006*"food insecure" + 0.002*"Princess  Diana" + 0.002*"Kate  Middleton" + 0.002*"Prince Charles"
topic #15 (0.013): 0.226*"Prince William" + 0.226*"William and Kate" + 0.151*"Kate Middleton" + 0.127*"talk" + 0.036*"awards" + 0.035*"Obama" + 0.034*"Staff Sergeant" + 0.034*"U.S. Army" + 0.034*"Medal of Honor" + 0.032*"Salvatore Giunta"
topic #16 (0.013): 0.074*"living" + 0.074*"go" + 0.074*"President Obama" + 0.074*"Afghanistan war" + 0.074*"Afghanistan" + 0.074*"first" + 0.074*"Medal of Honor" + 0.074*"Jay-Z" + 0.074*"talk" + 0.058*"people"
topic #17 (0.013): 0.657*"Britain" + 0.175*"New York" + 0.014*"today" + 0.002*"out" + 0.002*"William and Kate" + 0.002*"Prince Charles" + 0.002*"Prince  William" + 0.002*"Kate  Middleton" + 0.002*"future" + 0.002*"Ireland"
topic #18 (0.013): 0.475*"lol" + 0.285*"will" + 0.040*"you" + 0.003*"Princess  Diana" + 0.003*"Prince Charles" + 0.003*"Prince  William" + 0.003*"Kate  Middleton" + 0.003*"future" + 0.003*"can" + 0.003*"out"
topic #19 (0.013): 0.352*"Salvatore Giunta" + 0.259*"Medal of Honor" + 0.164*"Staff Sergeant" + 0.057*"today" + 0.057*"U.S. Army" + 0.057*"first" + 0.005*"awards" + 0.005*"Obama" + 0.001*"future" + 0.001*"Prince  William"
topic #20 (0.013): 0.646*"who" + 0.222*"UK" + 0.002*"can" + 0.002*"William and Kate" + 0.002*"Prince Charles" + 0.002*"Prince  William" + 0.002*"Kate  Middleton" + 0.002*"future" + 0.002*"out" + 0.002*"Ireland"
topic #21 (0.013): 0.176*"first" + 0.176*"Medal of Honor" + 0.155*"Afghanistan" + 0.155*"go" + 0.155*"Afghanistan war" + 0.155*"living" + 0.002*"Kate Middleton" + 0.002*"Prince Harry" + 0.002*"Prince William" + 0.000*"you"
topic #22 (0.013): 0.115*"awards" + 0.115*"Medal of Honor" + 0.115*"Salvatore Giunta" + 0.115*"Staff Sergeant" + 0.115*"U.S. Army" + 0.115*"Obama" + 0.017*"England" + 0.016*"Ireland" + 0.004*"Kate  Middleton" + 0.004*"Prince Charles"
topic #23 (0.013): 0.676*"people" + 0.087*"Ireland" + 0.012*"living" + 0.012*"go" + 0.012*"Afghanistan war" + 0.012*"Afghanistan" + 0.012*"first" + 0.012*"Medal of Honor" + 0.012*"Prince William" + 0.012*"Britain"
topic #24 (0.013): 0.624*"will" + 0.042*"Obama" + 0.015*"women" + 0.015*"Mexico" + 0.015*"murdered" + 0.015*"missing" + 0.014*"Palin" + 0.014*"living" + 0.014*"go" + 0.014*"iPhone"
topic #25 (0.013): 0.370*"Google" + 0.177*"iPhone" + 0.078*"Apple App Store" + 0.078*"App Store" + 0.075*"Google Voice" + 0.071*"out" + 0.068*"today" + 0.001*"future" + 0.001*"awards" + 0.001*"Kate  Middleton"
topic #26 (0.013): 0.053*"Prince  William" + 0.053*"missing" + 0.053*"Mexico" + 0.053*"Princess  Diana" + 0.053*"Prince Charles" + 0.053*"engagement ring" + 0.053*"Kate  Middleton" + 0.053*"women" + 0.053*"murdered" + 0.009*"Ireland"
topic #27 (0.013): 0.109*"Medal of Honor" + 0.109*"Staff Sergeant" + 0.109*"Salvatore Giunta" + 0.106*"U.S. Army" + 0.103*"Obama" + 0.099*"Kate Middleton" + 0.099*"Prince William" + 0.052*"William's" + 0.048*"talk" + 0.048*"William and Kate"
topic #28 (0.013): 0.302*"Prince Harry" + 0.255*"Kate Middleton" + 0.255*"Prince William" + 0.129*"Day" + 0.005*"iTunes" + 0.005*"Beatles" + 0.004*"Obama" + 0.001*"Princess  Diana" + 0.001*"future" + 0.001*"Prince Charles"
topic #29 (0.013): 0.140*"Beatles" + 0.140*"iTunes" + 0.011*"out" + 0.011*"awards" + 0.011*"Prince Charles" + 0.011*"Prince  William" + 0.011*"Kate  Middleton" + 0.011*"future" + 0.011*"Ireland" + 0.011*"can"
topic #30 (0.013): 0.738*"you" + 0.022*"future" + 0.004*"out" + 0.004*"awards" + 0.004*"Princess  Diana" + 0.004*"Prince Charles" + 0.004*"Prince  William" + 0.004*"Kate  Middleton" + 0.004*"Day" + 0.004*"Staff Sergeant"
topic #31 (0.013): 0.859*"future" + 0.011*"Salvatore Giunta" + 0.011*"Britain" + 0.002*"can" + 0.002*"Princess  Diana" + 0.002*"Prince Charles" + 0.002*"Prince  William" + 0.002*"Kate  Middleton" + 0.002*"Day" + 0.002*"out"
topic #32 (0.013): 0.061*"awards" + 0.061*"U.S. Army" + 0.061*"Obama" + 0.061*"Salvatore Giunta" + 0.061*"Staff Sergeant" + 0.061*"Medal of Honor" + 0.010*"Princess  Diana" + 0.010*"Prince  William" + 0.010*"can" + 0.010*"Ireland"
topic #33 (0.013): 0.679*"Jay-Z" + 0.005*"out" + 0.005*"Ireland" + 0.005*"Princess  Diana" + 0.005*"Prince Charles" + 0.005*"Prince  William" + 0.005*"Kate  Middleton" + 0.005*"future" + 0.005*"Day" + 0.005*"U.S. Army"
topic #34 (0.013): 0.275*"lol" + 0.130*"first" + 0.130*"you" + 0.130*"William and Kate" + 0.130*"Prince William" + 0.034*"Myanmar" + 0.023*"Global" + 0.014*"China" + 0.012*"Airbus" + 0.012*"Boeing"
topic #35 (0.013): 0.209*"England" + 0.164*"Cy Young" + 0.085*"Medal of Honor" + 0.085*"first" + 0.040*"people" + 0.006*"Princess  Diana" + 0.006*"Prince Charles" + 0.006*"Prince  William" + 0.006*"Staff Sergeant" + 0.006*"Kate  Middleton"
topic #36 (0.013): 0.118*"Airbus" + 0.118*"Planes" + 0.118*"Boeing" + 0.055*"Palin" + 0.009*"future" + 0.009*"can" + 0.009*"Princess  Diana" + 0.009*"Prince Charles" + 0.009*"Prince  William" + 0.009*"Kate  Middleton"
topic #37 (0.013): 0.195*"Prince William" + 0.195*"Diana" + 0.098*"mother" + 0.098*"Guantanamo" + 0.098*"Kate Middleton" + 0.098*"William's" + 0.098*"engagement ring" + 0.008*"out" + 0.008*"video" + 0.008*"U.S"
topic #38 (0.013): 0.790*"Haiti" + 0.022*"who" + 0.003*"out" + 0.003*"awards" + 0.003*"Princess  Diana" + 0.003*"Prince Charles" + 0.003*"Prince  William" + 0.003*"Kate  Middleton" + 0.003*"future" + 0.003*"Day"
topic #39 (0.013): 0.014*"out" + 0.014*"awards" + 0.014*"Princess  Diana" + 0.014*"Prince Charles" + 0.014*"Prince  William" + 0.014*"Kate  Middleton" + 0.014*"future" + 0.014*"Day" + 0.014*"can" + 0.014*"Staff Sergeant"
topic #40 (0.013): 0.236*"women" + 0.206*"murdered" + 0.206*"missing" + 0.206*"Mexico" + 0.036*"Guantanamo" + 0.028*"England" + 0.016*"Kate Middleton" + 0.016*"Prince William" + 0.016*"Prince Harry" + 0.003*"Google"
topic #41 (0.013): 0.343*"President Obama" + 0.298*"talk" + 0.274*"Jay-Z" + 0.007*"Beatles" + 0.007*"iTunes" + 0.001*"Princess  Diana" + 0.001*"Prince Charles" + 0.001*"Prince  William" + 0.001*"Kate  Middleton" + 0.001*"Ireland"
topic #42 (0.013): 0.230*"today" + 0.011*"out" + 0.011*"awards" + 0.011*"Princess  Diana" + 0.011*"Prince Charles" + 0.011*"Prince  William" + 0.011*"Kate  Middleton" + 0.011*"future" + 0.011*"Day" + 0.011*"can"
topic #43 (0.013): 0.182*"engagement ring" + 0.182*"Princess  Diana" + 0.182*"Prince Charles" + 0.182*"Prince  William" + 0.182*"Kate  Middleton" + 0.015*"Obama" + 0.007*"awards" + 0.007*"U.S. Army" + 0.007*"Staff Sergeant" + 0.007*"Medal of Honor"
topic #44 (0.013): 0.457*"Ireland" + 0.448*"can" + 0.001*"Princess  Diana" + 0.001*"Prince Charles" + 0.001*"Prince  William" + 0.001*"Kate  Middleton" + 0.001*"future" + 0.001*"out" + 0.001*"Day" + 0.001*"Staff Sergeant"
topic #45 (0.013): 0.334*"million" + 0.334*"U.S" + 0.296*"food insecure" + 0.001*"future" + 0.001*"Princess  Diana" + 0.001*"Prince Charles" + 0.001*"Prince  William" + 0.001*"Kate  Middleton" + 0.001*"out" + 0.001*"William and Kate"
topic #46 (0.013): 0.129*"U.S" + 0.129*"Prince William" + 0.065*"Haiti" + 0.065*"future" + 0.065*"money" + 0.065*"iTunes" + 0.065*"Google Voice" + 0.065*"Beatles" + 0.065*"Kate Middleton" + 0.065*"video"
topic #47 (0.013): 0.251*"Airbus" + 0.251*"Boeing" + 0.251*"Planes" + 0.208*"Myanmar" + 0.001*"Prince Charles" + 0.001*"Prince  William" + 0.001*"Kate  Middleton" + 0.001*"future" + 0.001*"out" + 0.001*"Ireland"
topic #48 (0.013): 0.479*"children" + 0.309*"Global" + 0.103*"Afghanistan" + 0.012*"Beatles" + 0.008*"Day" + 0.001*"future" + 0.001*"Princess  Diana" + 0.001*"Prince Charles" + 0.001*"Prince  William" + 0.001*"Kate  Middleton"
topic #49 (0.013): 0.750*"England" + 0.052*"who" + 0.017*"future" + 0.003*"can" + 0.003*"Princess  Diana" + 0.003*"Prince Charles" + 0.003*"Prince  William" + 0.003*"Kate  Middleton" + 0.003*"out" + 0.003*"Day"
topic #50 (0.013): 0.072*"murdered" + 0.072*"women" + 0.072*"Mexico" + 0.072*"missing" + 0.039*"Afghanistan" + 0.039*"Jay-Z" + 0.039*"Afghanistan war" + 0.039*"living" + 0.039*"President Obama" + 0.039*"go"
topic #51 (0.013): 0.101*"Prince Harry" + 0.071*"Obama" + 0.071*"money" + 0.049*"children" + 0.042*"iTunes" + 0.042*"Beatles" + 0.039*"future" + 0.039*"App Store" + 0.039*"Apple App Store" + 0.039*"Google Voice"
topic #52 (0.013): 0.306*"China" + 0.229*"Google" + 0.229*"Internet" + 0.012*"Medal of Honor" + 0.012*"Salvatore Giunta" + 0.012*"awards" + 0.012*"Obama" + 0.012*"Staff Sergeant" + 0.012*"U.S. Army" + 0.006*"New York"
topic #53 (0.013): 0.266*"Google Voice" + 0.259*"iPhone" + 0.214*"App Store" + 0.214*"Apple App Store" + 0.001*"Prince  William" + 0.001*"Kate  Middleton" + 0.001*"future" + 0.001*"out" + 0.001*"can" + 0.001*"Princess  Diana"
topic #54 (0.013): 0.668*"Cy Young" + 0.021*"China" + 0.021*"Kate Middleton" + 0.021*"Prince William" + 0.021*"can" + 0.021*"engagement ring" + 0.021*"mother" + 0.003*"Prince  William" + 0.003*"Princess  Diana" + 0.003*"awards"
topic #55 (0.013): 0.267*"government" + 0.207*"Britain" + 0.207*"Guantanamo" + 0.207*"will" + 0.006*"food insecure" + 0.006*"U.S" + 0.006*"Medal of Honor" + 0.006*"Afghanistan war" + 0.006*"first" + 0.006*"million"
topic #56 (0.013): 0.061*"awards" + 0.061*"U.S. Army" + 0.061*"Obama" + 0.061*"Salvatore Giunta" + 0.061*"Staff Sergeant" + 0.061*"Medal of Honor" + 0.010*"Princess  Diana" + 0.010*"Prince  William" + 0.010*"can" + 0.010*"Ireland"
topic #57 (0.013): 0.242*"Internet" + 0.142*"Prince William" + 0.122*"UK" + 0.041*"talk" + 0.038*"Medal of Honor" + 0.038*"Obama" + 0.038*"Staff Sergeant" + 0.038*"awards" + 0.038*"Salvatore Giunta" + 0.038*"U.S. Army"
topic #58 (0.013): 0.486*"iTunes" + 0.121*"Google Voice" + 0.121*"you" + 0.121*"App Store" + 0.021*"President Obama" + 0.021*"Salvatore Giunta" + 0.010*"Beatles" + 0.002*"future" + 0.002*"Prince  William" + 0.002*"Kate  Middleton"
topic #59 (0.013): 0.014*"out" + 0.014*"awards" + 0.014*"Princess  Diana" + 0.014*"Prince Charles" + 0.014*"Prince  William" + 0.014*"Kate  Middleton" + 0.014*"future" + 0.014*"Day" + 0.014*"can" + 0.014*"Staff Sergeant"
topic #60 (0.013): 0.769*"Obama" + 0.063*"Palin" + 0.063*"can" + 0.002*"Kate  Middleton" + 0.002*"out" + 0.002*"Ireland" + 0.002*"Princess  Diana" + 0.002*"Prince Charles" + 0.002*"Prince  William" + 0.002*"Salvatore Giunta"
topic #61 (0.013): 0.685*"Diana" + 0.144*"Prince William" + 0.012*"Medal of Honor" + 0.012*"Salvatore Giunta" + 0.008*"China" + 0.008*"Haiti" + 0.007*"Internet" + 0.007*"Google" + 0.002*"out" + 0.002*"Kate  Middleton"
topic #62 (0.013): 0.401*"UK" + 0.286*"Afghanistan" + 0.023*"U.S" + 0.023*"food insecure" + 0.023*"million" + 0.004*"Prince  William" + 0.004*"Ireland" + 0.004*"Princess  Diana" + 0.004*"Prince Charles" + 0.004*"future"
topic #63 (0.013): 0.014*"out" + 0.014*"awards" + 0.014*"Princess  Diana" + 0.014*"Prince Charles" + 0.014*"Prince  William" + 0.014*"Kate  Middleton" + 0.014*"future" + 0.014*"Day" + 0.014*"can" + 0.014*"Staff Sergeant"
topic #64 (0.013): 0.105*"Salvatore Giunta" + 0.072*"awards" + 0.072*"Medal of Honor" + 0.072*"Staff Sergeant" + 0.072*"U.S. Army" + 0.072*"Obama" + 0.039*"Diana" + 0.039*"video" + 0.025*"Google Voice" + 0.023*"Ireland"
topic #65 (0.013): 0.148*"iTunes" + 0.102*"Beatles" + 0.055*"will" + 0.055*"England" + 0.055*"Haiti" + 0.009*"future" + 0.009*"awards" + 0.009*"Prince Charles" + 0.009*"Prince  William" + 0.009*"Kate  Middleton"
topic #66 (0.013): 0.355*"Prince William" + 0.191*"engagement ring" + 0.152*"mother" + 0.113*"Kate Middleton" + 0.052*"Obama" + 0.052*"Diana" + 0.015*"lol" + 0.014*"Prince Harry" + 0.010*"who" + 0.004*"Day"
topic #67 (0.013): 0.063*"Planes" + 0.063*"Boeing" + 0.063*"Airbus" + 0.063*"Myanmar" + 0.040*"Prince William" + 0.033*"Kate Middleton" + 0.033*"Prince Harry" + 0.010*"Kate  Middleton" + 0.010*"Prince  William" + 0.010*"Princess  Diana"
topic #68 (0.013): 0.862*"today" + 0.002*"out" + 0.002*"awards" + 0.002*"Princess  Diana" + 0.002*"Prince Charles" + 0.002*"Prince  William" + 0.002*"Kate  Middleton" + 0.002*"future" + 0.002*"Day" + 0.002*"can"
topic #69 (0.013): 0.870*"Palin" + 0.002*"out" + 0.002*"Ireland" + 0.002*"Princess  Diana" + 0.002*"Prince Charles" + 0.002*"Prince  William" + 0.002*"Kate  Middleton" + 0.002*"future" + 0.002*"Day" + 0.002*"U.S. Army"
topic #70 (0.013): 0.014*"out" + 0.014*"awards" + 0.014*"Princess  Diana" + 0.014*"Prince Charles" + 0.014*"Prince  William" + 0.014*"Kate  Middleton" + 0.014*"future" + 0.014*"Day" + 0.014*"can" + 0.014*"Staff Sergeant"
topic #71 (0.013): 0.014*"out" + 0.014*"awards" + 0.014*"Princess  Diana" + 0.014*"Prince Charles" + 0.014*"Prince  William" + 0.014*"Kate  Middleton" + 0.014*"future" + 0.014*"Day" + 0.014*"can" + 0.014*"Staff Sergeant"
topic #72 (0.013): 0.450*"China" + 0.277*"Ireland" + 0.095*"Guantanamo" + 0.095*"government" + 0.001*"future" + 0.001*"Princess  Diana" + 0.001*"Prince Charles" + 0.001*"Prince  William" + 0.001*"Kate  Middleton" + 0.001*"can"
topic #73 (0.013): 0.047*"Britain" + 0.047*"Medal of Honor" + 0.047*"Salvatore Giunta" + 0.047*"Staff Sergeant" + 0.047*"U.S. Army" + 0.047*"awards" + 0.047*"out" + 0.047*"Beatles" + 0.047*"Obama" + 0.047*"Prince William"
topic #74 (0.013): 0.868*"video" + 0.008*"Medal of Honor" + 0.008*"U.S. Army" + 0.008*"Obama" + 0.008*"Salvatore Giunta" + 0.008*"Staff Sergeant" + 0.008*"awards" + 0.001*"Princess  Diana" + 0.001*"Prince  William" + 0.001*"Ireland"
TopicModeling: GENSIM Topic: 0 
Words: 0.014*"out" + 0.014*"awards" + 0.014*"Princess  Diana" + 0.014*"Prince Charles" + 0.014*"Prince  William" + 0.014*"Kate  Middleton" + 0.014*"future" + 0.014*"Day" + 0.014*"can" + 0.014*"Staff Sergeant"
TopicModeling: GENSIM Topic: 1 
Words: 0.058*"U.S. Army" + 0.058*"Beatles" + 0.058*"Medal of Honor" + 0.058*"Salvatore Giunta" + 0.058*"Staff Sergeant" + 0.058*"Diana" + 0.058*"iTunes" + 0.009*"out" + 0.009*"can" + 0.009*"future"
TopicModeling: GENSIM Topic: 2 
Words: 0.218*"Prince William" + 0.201*"Kate Middleton" + 0.201*"William's" + 0.112*"Diana" + 0.105*"mother" + 0.018*"Medal of Honor" + 0.018*"Salvatore Giunta" + 0.018*"engagement ring" + 0.009*"million" + 0.009*"food insecure"
TopicModeling: GENSIM Topic: 3 
Words: 0.811*"lol" + 0.027*"today" + 0.027*"iPhone" + 0.027*"first" + 0.027*"go" + 0.027*"future" + 0.027*"out" + 0.004*"people" + 0.002*"Global" + 0.002*"Haiti"
TopicModeling: GENSIM Topic: 4 
Words: 0.524*"first" + 0.007*"out" + 0.007*"can" + 0.007*"Princess  Diana" + 0.007*"Prince Charles" + 0.007*"Prince  William" + 0.007*"Kate  Middleton" + 0.007*"future" + 0.007*"Day" + 0.007*"U.S. Army"
TopicModeling: GENSIM Topic: 5 
Words: 0.278*"Global" + 0.205*"New York" + 0.205*"Cy Young" + 0.060*"Day" + 0.050*"Kate Middleton" + 0.050*"Prince William" + 0.048*"Prince Harry" + 0.009*"iPhone" + 0.009*"Google" + 0.001*"Prince Charles"
TopicModeling: GENSIM Topic: 6 
Words: 0.759*"out" + 0.033*"lol" + 0.012*"Princess  Diana" + 0.012*"Prince Charles" + 0.012*"Prince  William" + 0.012*"engagement ring" + 0.012*"Kate  Middleton" + 0.012*"you" + 0.012*"can" + 0.002*"Ireland"
TopicModeling: GENSIM Topic: 7 
Words: 0.410*"UK" + 0.101*"iTunes" + 0.099*"Beatles" + 0.033*"New York" + 0.005*"can" + 0.005*"U.S. Army" + 0.005*"Prince  William" + 0.005*"Kate  Middleton" + 0.005*"future" + 0.005*"out"
TopicModeling: GENSIM Topic: 8 
Words: 0.111*"U.S" + 0.111*"food insecure" + 0.111*"children" + 0.111*"million" + 0.008*"future" + 0.008*"Princess  Diana" + 0.008*"Prince Charles" + 0.008*"Prince  William" + 0.008*"Kate  Middleton" + 0.008*"can"
TopicModeling: GENSIM Topic: 9 
Words: 0.499*"Beatles" + 0.466*"iTunes" + 0.003*"million" + 0.000*"out" + 0.000*"awards" + 0.000*"Prince Charles" + 0.000*"Prince  William" + 0.000*"Kate  Middleton" + 0.000*"future" + 0.000*"Ireland"
TopicModeling: GENSIM Topic: 10 
Words: 0.014*"out" + 0.014*"awards" + 0.014*"Princess  Diana" + 0.014*"Prince Charles" + 0.014*"Prince  William" + 0.014*"Kate  Middleton" + 0.014*"future" + 0.014*"Day" + 0.014*"can" + 0.014*"Staff Sergeant"
TopicModeling: GENSIM Topic: 11 
Words: 0.508*"New York" + 0.335*"Day" + 0.002*"out" + 0.002*"Princess  Diana" + 0.002*"Prince Charles" + 0.002*"Prince  William" + 0.002*"Kate  Middleton" + 0.002*"future" + 0.002*"awards" + 0.002*"can"
TopicModeling: GENSIM Topic: 12 
Words: 0.110*"lol" + 0.075*"money" + 0.054*"government" + 0.054*"women" + 0.046*"Medal of Honor" + 0.046*"today" + 0.025*"go" + 0.025*"people" + 0.025*"Obama" + 0.025*"first"
TopicModeling: GENSIM Topic: 13 
Words: 0.177*"Salvatore Giunta" + 0.169*"Medal of Honor" + 0.168*"U.S. Army" + 0.168*"Staff Sergeant" + 0.159*"Obama" + 0.153*"awards" + 0.000*"Princess  Diana" + 0.000*"Prince  William" + 0.000*"can" + 0.000*"Ireland"
TopicModeling: GENSIM Topic: 14 
Words: 0.539*"money" + 0.217*"people" + 0.118*"Internet" + 0.010*"Palin" + 0.007*"U.S" + 0.006*"million" + 0.006*"food insecure" + 0.002*"Princess  Diana" + 0.002*"Kate  Middleton" + 0.002*"Prince Charles"
TopicModeling: GENSIM Topic: 15 
Words: 0.226*"Prince William" + 0.226*"William and Kate" + 0.151*"Kate Middleton" + 0.127*"talk" + 0.036*"awards" + 0.035*"Obama" + 0.034*"Staff Sergeant" + 0.034*"U.S. Army" + 0.034*"Medal of Honor" + 0.032*"Salvatore Giunta"
TopicModeling: GENSIM Topic: 16 
Words: 0.074*"living" + 0.074*"go" + 0.074*"President Obama" + 0.074*"Afghanistan war" + 0.074*"Afghanistan" + 0.074*"first" + 0.074*"Medal of Honor" + 0.074*"Jay-Z" + 0.074*"talk" + 0.058*"people"
TopicModeling: GENSIM Topic: 17 
Words: 0.657*"Britain" + 0.175*"New York" + 0.014*"today" + 0.002*"out" + 0.002*"William and Kate" + 0.002*"Prince Charles" + 0.002*"Prince  William" + 0.002*"Kate  Middleton" + 0.002*"future" + 0.002*"Ireland"
TopicModeling: GENSIM Topic: 18 
Words: 0.475*"lol" + 0.285*"will" + 0.040*"you" + 0.003*"Princess  Diana" + 0.003*"Prince Charles" + 0.003*"Prince  William" + 0.003*"Kate  Middleton" + 0.003*"future" + 0.003*"can" + 0.003*"out"
TopicModeling: GENSIM Topic: 19 
Words: 0.352*"Salvatore Giunta" + 0.259*"Medal of Honor" + 0.164*"Staff Sergeant" + 0.057*"today" + 0.057*"U.S. Army" + 0.057*"first" + 0.005*"awards" + 0.005*"Obama" + 0.001*"future" + 0.001*"Prince  William"
TopicModeling: GENSIM Topic: 20 
Words: 0.646*"who" + 0.222*"UK" + 0.002*"can" + 0.002*"William and Kate" + 0.002*"Prince Charles" + 0.002*"Prince  William" + 0.002*"Kate  Middleton" + 0.002*"future" + 0.002*"out" + 0.002*"Ireland"
TopicModeling: GENSIM Topic: 21 
Words: 0.176*"first" + 0.176*"Medal of Honor" + 0.155*"Afghanistan" + 0.155*"go" + 0.155*"Afghanistan war" + 0.155*"living" + 0.002*"Kate Middleton" + 0.002*"Prince Harry" + 0.002*"Prince William" + 0.000*"you"
TopicModeling: GENSIM Topic: 22 
Words: 0.115*"awards" + 0.115*"Medal of Honor" + 0.115*"Salvatore Giunta" + 0.115*"Staff Sergeant" + 0.115*"U.S. Army" + 0.115*"Obama" + 0.017*"England" + 0.016*"Ireland" + 0.004*"Kate  Middleton" + 0.004*"Prince Charles"
TopicModeling: GENSIM Topic: 23 
Words: 0.676*"people" + 0.087*"Ireland" + 0.012*"living" + 0.012*"go" + 0.012*"Afghanistan war" + 0.012*"Afghanistan" + 0.012*"first" + 0.012*"Medal of Honor" + 0.012*"Prince William" + 0.012*"Britain"
TopicModeling: GENSIM Topic: 24 
Words: 0.624*"will" + 0.042*"Obama" + 0.015*"women" + 0.015*"Mexico" + 0.015*"murdered" + 0.015*"missing" + 0.014*"Palin" + 0.014*"living" + 0.014*"go" + 0.014*"iPhone"
TopicModeling: GENSIM Topic: 25 
Words: 0.370*"Google" + 0.177*"iPhone" + 0.078*"Apple App Store" + 0.078*"App Store" + 0.075*"Google Voice" + 0.071*"out" + 0.068*"today" + 0.001*"future" + 0.001*"awards" + 0.001*"Kate  Middleton"
TopicModeling: GENSIM Topic: 26 
Words: 0.053*"Prince  William" + 0.053*"missing" + 0.053*"Mexico" + 0.053*"Princess  Diana" + 0.053*"Prince Charles" + 0.053*"engagement ring" + 0.053*"Kate  Middleton" + 0.053*"women" + 0.053*"murdered" + 0.009*"Ireland"
TopicModeling: GENSIM Topic: 27 
Words: 0.109*"Medal of Honor" + 0.109*"Staff Sergeant" + 0.109*"Salvatore Giunta" + 0.106*"U.S. Army" + 0.103*"Obama" + 0.099*"Kate Middleton" + 0.099*"Prince William" + 0.052*"William's" + 0.048*"talk" + 0.048*"William and Kate"
TopicModeling: GENSIM Topic: 28 
Words: 0.302*"Prince Harry" + 0.255*"Kate Middleton" + 0.255*"Prince William" + 0.129*"Day" + 0.005*"iTunes" + 0.005*"Beatles" + 0.004*"Obama" + 0.001*"Princess  Diana" + 0.001*"future" + 0.001*"Prince Charles"
TopicModeling: GENSIM Topic: 29 
Words: 0.140*"Beatles" + 0.140*"iTunes" + 0.011*"out" + 0.011*"awards" + 0.011*"Prince Charles" + 0.011*"Prince  William" + 0.011*"Kate  Middleton" + 0.011*"future" + 0.011*"Ireland" + 0.011*"can"
TopicModeling: GENSIM Topic: 30 
Words: 0.738*"you" + 0.022*"future" + 0.004*"out" + 0.004*"awards" + 0.004*"Princess  Diana" + 0.004*"Prince Charles" + 0.004*"Prince  William" + 0.004*"Kate  Middleton" + 0.004*"Day" + 0.004*"Staff Sergeant"
TopicModeling: GENSIM Topic: 31 
Words: 0.859*"future" + 0.011*"Salvatore Giunta" + 0.011*"Britain" + 0.002*"can" + 0.002*"Princess  Diana" + 0.002*"Prince Charles" + 0.002*"Prince  William" + 0.002*"Kate  Middleton" + 0.002*"Day" + 0.002*"out"
TopicModeling: GENSIM Topic: 32 
Words: 0.061*"awards" + 0.061*"U.S. Army" + 0.061*"Obama" + 0.061*"Salvatore Giunta" + 0.061*"Staff Sergeant" + 0.061*"Medal of Honor" + 0.010*"Princess  Diana" + 0.010*"Prince  William" + 0.010*"can" + 0.010*"Ireland"
TopicModeling: GENSIM Topic: 33 
Words: 0.679*"Jay-Z" + 0.005*"out" + 0.005*"Ireland" + 0.005*"Princess  Diana" + 0.005*"Prince Charles" + 0.005*"Prince  William" + 0.005*"Kate  Middleton" + 0.005*"future" + 0.005*"Day" + 0.005*"U.S. Army"
TopicModeling: GENSIM Topic: 34 
Words: 0.275*"lol" + 0.130*"first" + 0.130*"you" + 0.130*"William and Kate" + 0.130*"Prince William" + 0.034*"Myanmar" + 0.023*"Global" + 0.014*"China" + 0.012*"Airbus" + 0.012*"Boeing"
TopicModeling: GENSIM Topic: 35 
Words: 0.209*"England" + 0.164*"Cy Young" + 0.085*"Medal of Honor" + 0.085*"first" + 0.040*"people" + 0.006*"Princess  Diana" + 0.006*"Prince Charles" + 0.006*"Prince  William" + 0.006*"Staff Sergeant" + 0.006*"Kate  Middleton"
TopicModeling: GENSIM Topic: 36 
Words: 0.118*"Airbus" + 0.118*"Planes" + 0.118*"Boeing" + 0.055*"Palin" + 0.009*"future" + 0.009*"can" + 0.009*"Princess  Diana" + 0.009*"Prince Charles" + 0.009*"Prince  William" + 0.009*"Kate  Middleton"
TopicModeling: GENSIM Topic: 37 
Words: 0.195*"Prince William" + 0.195*"Diana" + 0.098*"mother" + 0.098*"Guantanamo" + 0.098*"Kate Middleton" + 0.098*"William's" + 0.098*"engagement ring" + 0.008*"out" + 0.008*"video" + 0.008*"U.S"
TopicModeling: GENSIM Topic: 38 
Words: 0.790*"Haiti" + 0.022*"who" + 0.003*"out" + 0.003*"awards" + 0.003*"Princess  Diana" + 0.003*"Prince Charles" + 0.003*"Prince  William" + 0.003*"Kate  Middleton" + 0.003*"future" + 0.003*"Day"
TopicModeling: GENSIM Topic: 39 
Words: 0.014*"out" + 0.014*"awards" + 0.014*"Princess  Diana" + 0.014*"Prince Charles" + 0.014*"Prince  William" + 0.014*"Kate  Middleton" + 0.014*"future" + 0.014*"Day" + 0.014*"can" + 0.014*"Staff Sergeant"
TopicModeling: GENSIM Topic: 40 
Words: 0.236*"women" + 0.206*"murdered" + 0.206*"missing" + 0.206*"Mexico" + 0.036*"Guantanamo" + 0.028*"England" + 0.016*"Kate Middleton" + 0.016*"Prince William" + 0.016*"Prince Harry" + 0.003*"Google"
TopicModeling: GENSIM Topic: 41 
Words: 0.343*"President Obama" + 0.298*"talk" + 0.274*"Jay-Z" + 0.007*"Beatles" + 0.007*"iTunes" + 0.001*"Princess  Diana" + 0.001*"Prince Charles" + 0.001*"Prince  William" + 0.001*"Kate  Middleton" + 0.001*"Ireland"
TopicModeling: GENSIM Topic: 42 
Words: 0.230*"today" + 0.011*"out" + 0.011*"awards" + 0.011*"Princess  Diana" + 0.011*"Prince Charles" + 0.011*"Prince  William" + 0.011*"Kate  Middleton" + 0.011*"future" + 0.011*"Day" + 0.011*"can"
TopicModeling: GENSIM Topic: 43 
Words: 0.182*"engagement ring" + 0.182*"Princess  Diana" + 0.182*"Prince Charles" + 0.182*"Prince  William" + 0.182*"Kate  Middleton" + 0.015*"Obama" + 0.007*"awards" + 0.007*"U.S. Army" + 0.007*"Staff Sergeant" + 0.007*"Medal of Honor"
TopicModeling: GENSIM Topic: 44 
Words: 0.457*"Ireland" + 0.448*"can" + 0.001*"Princess  Diana" + 0.001*"Prince Charles" + 0.001*"Prince  William" + 0.001*"Kate  Middleton" + 0.001*"future" + 0.001*"out" + 0.001*"Day" + 0.001*"Staff Sergeant"
TopicModeling: GENSIM Topic: 45 
Words: 0.334*"million" + 0.334*"U.S" + 0.296*"food insecure" + 0.001*"future" + 0.001*"Princess  Diana" + 0.001*"Prince Charles" + 0.001*"Prince  William" + 0.001*"Kate  Middleton" + 0.001*"out" + 0.001*"William and Kate"
TopicModeling: GENSIM Topic: 46 
Words: 0.129*"U.S" + 0.129*"Prince William" + 0.065*"Haiti" + 0.065*"future" + 0.065*"money" + 0.065*"iTunes" + 0.065*"Google Voice" + 0.065*"Beatles" + 0.065*"Kate Middleton" + 0.065*"video"
TopicModeling: GENSIM Topic: 47 
Words: 0.251*"Airbus" + 0.251*"Boeing" + 0.251*"Planes" + 0.208*"Myanmar" + 0.001*"Prince Charles" + 0.001*"Prince  William" + 0.001*"Kate  Middleton" + 0.001*"future" + 0.001*"out" + 0.001*"Ireland"
TopicModeling: GENSIM Topic: 48 
Words: 0.479*"children" + 0.309*"Global" + 0.103*"Afghanistan" + 0.012*"Beatles" + 0.008*"Day" + 0.001*"future" + 0.001*"Princess  Diana" + 0.001*"Prince Charles" + 0.001*"Prince  William" + 0.001*"Kate  Middleton"
TopicModeling: GENSIM Topic: 49 
Words: 0.750*"England" + 0.052*"who" + 0.017*"future" + 0.003*"can" + 0.003*"Princess  Diana" + 0.003*"Prince Charles" + 0.003*"Prince  William" + 0.003*"Kate  Middleton" + 0.003*"out" + 0.003*"Day"
TopicModeling: GENSIM Topic: 50 
Words: 0.072*"murdered" + 0.072*"women" + 0.072*"Mexico" + 0.072*"missing" + 0.039*"Afghanistan" + 0.039*"Jay-Z" + 0.039*"Afghanistan war" + 0.039*"living" + 0.039*"President Obama" + 0.039*"go"
TopicModeling: GENSIM Topic: 51 
Words: 0.101*"Prince Harry" + 0.071*"Obama" + 0.071*"money" + 0.049*"children" + 0.042*"iTunes" + 0.042*"Beatles" + 0.039*"future" + 0.039*"App Store" + 0.039*"Apple App Store" + 0.039*"Google Voice"
TopicModeling: GENSIM Topic: 52 
Words: 0.306*"China" + 0.229*"Google" + 0.229*"Internet" + 0.012*"Medal of Honor" + 0.012*"Salvatore Giunta" + 0.012*"awards" + 0.012*"Obama" + 0.012*"Staff Sergeant" + 0.012*"U.S. Army" + 0.006*"New York"
TopicModeling: GENSIM Topic: 53 
Words: 0.266*"Google Voice" + 0.259*"iPhone" + 0.214*"App Store" + 0.214*"Apple App Store" + 0.001*"Prince  William" + 0.001*"Kate  Middleton" + 0.001*"future" + 0.001*"out" + 0.001*"can" + 0.001*"Princess  Diana"
TopicModeling: GENSIM Topic: 54 
Words: 0.668*"Cy Young" + 0.021*"China" + 0.021*"Kate Middleton" + 0.021*"Prince William" + 0.021*"can" + 0.021*"engagement ring" + 0.021*"mother" + 0.003*"Prince  William" + 0.003*"Princess  Diana" + 0.003*"awards"
TopicModeling: GENSIM Topic: 55 
Words: 0.267*"government" + 0.207*"Britain" + 0.207*"Guantanamo" + 0.207*"will" + 0.006*"food insecure" + 0.006*"U.S" + 0.006*"Medal of Honor" + 0.006*"Afghanistan war" + 0.006*"first" + 0.006*"million"
TopicModeling: GENSIM Topic: 56 
Words: 0.061*"awards" + 0.061*"U.S. Army" + 0.061*"Obama" + 0.061*"Salvatore Giunta" + 0.061*"Staff Sergeant" + 0.061*"Medal of Honor" + 0.010*"Princess  Diana" + 0.010*"Prince  William" + 0.010*"can" + 0.010*"Ireland"
TopicModeling: GENSIM Topic: 57 
Words: 0.242*"Internet" + 0.142*"Prince William" + 0.122*"UK" + 0.041*"talk" + 0.038*"Medal of Honor" + 0.038*"Obama" + 0.038*"Staff Sergeant" + 0.038*"awards" + 0.038*"Salvatore Giunta" + 0.038*"U.S. Army"
TopicModeling: GENSIM Topic: 58 
Words: 0.486*"iTunes" + 0.121*"Google Voice" + 0.121*"you" + 0.121*"App Store" + 0.021*"President Obama" + 0.021*"Salvatore Giunta" + 0.010*"Beatles" + 0.002*"future" + 0.002*"Prince  William" + 0.002*"Kate  Middleton"
TopicModeling: GENSIM Topic: 59 
Words: 0.014*"out" + 0.014*"awards" + 0.014*"Princess  Diana" + 0.014*"Prince Charles" + 0.014*"Prince  William" + 0.014*"Kate  Middleton" + 0.014*"future" + 0.014*"Day" + 0.014*"can" + 0.014*"Staff Sergeant"
TopicModeling: GENSIM Topic: 60 
Words: 0.769*"Obama" + 0.063*"Palin" + 0.063*"can" + 0.002*"Kate  Middleton" + 0.002*"out" + 0.002*"Ireland" + 0.002*"Princess  Diana" + 0.002*"Prince Charles" + 0.002*"Prince  William" + 0.002*"Salvatore Giunta"
TopicModeling: GENSIM Topic: 61 
Words: 0.685*"Diana" + 0.144*"Prince William" + 0.012*"Medal of Honor" + 0.012*"Salvatore Giunta" + 0.008*"China" + 0.008*"Haiti" + 0.007*"Internet" + 0.007*"Google" + 0.002*"out" + 0.002*"Kate  Middleton"
TopicModeling: GENSIM Topic: 62 
Words: 0.401*"UK" + 0.286*"Afghanistan" + 0.023*"U.S" + 0.023*"food insecure" + 0.023*"million" + 0.004*"Prince  William" + 0.004*"Ireland" + 0.004*"Princess  Diana" + 0.004*"Prince Charles" + 0.004*"future"
TopicModeling: GENSIM Topic: 63 
Words: 0.014*"out" + 0.014*"awards" + 0.014*"Princess  Diana" + 0.014*"Prince Charles" + 0.014*"Prince  William" + 0.014*"Kate  Middleton" + 0.014*"future" + 0.014*"Day" + 0.014*"can" + 0.014*"Staff Sergeant"
TopicModeling: GENSIM Topic: 64 
Words: 0.105*"Salvatore Giunta" + 0.072*"awards" + 0.072*"Medal of Honor" + 0.072*"Staff Sergeant" + 0.072*"U.S. Army" + 0.072*"Obama" + 0.039*"Diana" + 0.039*"video" + 0.025*"Google Voice" + 0.023*"Ireland"
TopicModeling: GENSIM Topic: 65 
Words: 0.148*"iTunes" + 0.102*"Beatles" + 0.055*"will" + 0.055*"England" + 0.055*"Haiti" + 0.009*"future" + 0.009*"awards" + 0.009*"Prince Charles" + 0.009*"Prince  William" + 0.009*"Kate  Middleton"
TopicModeling: GENSIM Topic: 66 
Words: 0.355*"Prince William" + 0.191*"engagement ring" + 0.152*"mother" + 0.113*"Kate Middleton" + 0.052*"Obama" + 0.052*"Diana" + 0.015*"lol" + 0.014*"Prince Harry" + 0.010*"who" + 0.004*"Day"
TopicModeling: GENSIM Topic: 67 
Words: 0.063*"Planes" + 0.063*"Boeing" + 0.063*"Airbus" + 0.063*"Myanmar" + 0.040*"Prince William" + 0.033*"Kate Middleton" + 0.033*"Prince Harry" + 0.010*"Kate  Middleton" + 0.010*"Prince  William" + 0.010*"Princess  Diana"
TopicModeling: GENSIM Topic: 68 
Words: 0.862*"today" + 0.002*"out" + 0.002*"awards" + 0.002*"Princess  Diana" + 0.002*"Prince Charles" + 0.002*"Prince  William" + 0.002*"Kate  Middleton" + 0.002*"future" + 0.002*"Day" + 0.002*"can"
TopicModeling: GENSIM Topic: 69 
Words: 0.870*"Palin" + 0.002*"out" + 0.002*"Ireland" + 0.002*"Princess  Diana" + 0.002*"Prince Charles" + 0.002*"Prince  William" + 0.002*"Kate  Middleton" + 0.002*"future" + 0.002*"Day" + 0.002*"U.S. Army"
TopicModeling: GENSIM Topic: 70 
Words: 0.014*"out" + 0.014*"awards" + 0.014*"Princess  Diana" + 0.014*"Prince Charles" + 0.014*"Prince  William" + 0.014*"Kate  Middleton" + 0.014*"future" + 0.014*"Day" + 0.014*"can" + 0.014*"Staff Sergeant"
TopicModeling: GENSIM Topic: 71 
Words: 0.014*"out" + 0.014*"awards" + 0.014*"Princess  Diana" + 0.014*"Prince Charles" + 0.014*"Prince  William" + 0.014*"Kate  Middleton" + 0.014*"future" + 0.014*"Day" + 0.014*"can" + 0.014*"Staff Sergeant"
TopicModeling: GENSIM Topic: 72 
Words: 0.450*"China" + 0.277*"Ireland" + 0.095*"Guantanamo" + 0.095*"government" + 0.001*"future" + 0.001*"Princess  Diana" + 0.001*"Prince Charles" + 0.001*"Prince  William" + 0.001*"Kate  Middleton" + 0.001*"can"
TopicModeling: GENSIM Topic: 73 
Words: 0.047*"Britain" + 0.047*"Medal of Honor" + 0.047*"Salvatore Giunta" + 0.047*"Staff Sergeant" + 0.047*"U.S. Army" + 0.047*"awards" + 0.047*"out" + 0.047*"Beatles" + 0.047*"Obama" + 0.047*"Prince William"
TopicModeling: GENSIM Topic: 74 
Words: 0.868*"video" + 0.008*"Medal of Honor" + 0.008*"U.S. Army" + 0.008*"Obama" + 0.008*"Salvatore Giunta" + 0.008*"Staff Sergeant" + 0.008*"awards" + 0.001*"Princess  Diana" + 0.001*"Prince  William" + 0.001*"Ireland"
TopicModeling: Coherences:

TopicModeling: Calculating model coherence:

Setting topics to those of the model: LdaModel(num_terms=70, num_topics=75, decay=0.5, chunksize=2000)
TopicModeling: Coherence value is: -16.723238185805155
TopicModeling: Topic coherences are: [-15.593443851038284, -19.420921187558466, -10.535089193082445, -11.191495185022152, -17.073300840223137, -12.813304822072721, -15.981378002962371, -18.950430696690038, -17.120178458659336, -17.589544329147557, -15.593443851038284, -17.427401516310407, -13.984201140789555, -9.587682489843436, -17.11206984086595, -0.8259564640114839, -1.0267907404403218, -19.615114244564356, -17.08571315200274, -8.664728052624254, -19.43337479286474, -12.268595421001493, -9.570380779717073, -11.076774315345538, -16.886513352940757, -9.294452772349471, -15.182150144278616, -1.694349320662095, -13.168097210851764, -17.074298086223923, -15.58001762438694, -18.268137982816427, -9.532431333968397, -16.98701152980778, -14.929578989738793, -13.724088323242167, -18.896718269685255, -9.464488534276832, -17.55273238588336, -15.593443851038284, -5.874573944725925, -17.52983796318711, -17.20003991852687, -0.6582134762881208, -16.933700501080484, -17.635657299710495, -2.108153246448535, -17.867583371789976, -18.632210640323667, -19.875108337947747, -12.834177955272116, -13.153592259092006, -14.493840802988208, -14.553729458682573, -15.742414527343557, -13.21566103511934, -9.532431333968397, -7.891834137649566, -16.000135841898288, -15.593443851038284, -15.222714438263559, -16.821612676163564, -16.72097500701131, -15.593443851038284, -14.6588813778164, -17.9839504034587, -12.100795417960668, -17.50009765481798, -17.20003991852687, -17.50156144223284, -15.593443851038284, -15.593443851038284, -16.564731943007214, -12.862882007776339, -9.363796037369541]
saving Dictionary object under ../output/1/tml/gensim_75topics_TopicModelingDictionary.mm, separately None
{'transport_params': None, 'ignore_ext': False, 'opener': None, 'closefd': True, 'newline': None, 'errors': None, 'encoding': None, 'buffering': -1, 'mode': 'wb', 'uri': '../output/1/tml/gensim_75topics_TopicModelingDictionary.mm'}
saved ../output/1/tml/gensim_75topics_TopicModelingDictionary.mm
UserSimilarity: Topic modeling done
UserSimilarity: All users size 352
UserSimilarity: All distinct users:352
UserSimilarity: users_topic_interests=(352, 75)
UserSimilarity: Just one topic? True, Binary topic? True, Threshold: 0.4
352 users has twitted in 2010-11-16 00:00:00
UserSimilarity: 0 / 1
UserSimilarity: UsersTopicInterests.npy is saved for day:0 with shape: (352, 75)
UsersGraph: There are 352 users on 0
UserSimilarity: A graph is being created for 0 with 352 users
UserSimilarity: Number of users per day: [352]
UserSimilarity: Graphs created!
UserSimilarity: Graphs are written in "graphs" directory
